Line 21: Class MailLib.mMail of control PP_MAIL was not a loaded control class.
Line 37: Class FtpXCtl.FtpXCtl of control PP_FTP was not a loaded control class.
Line 24: The property name _Version in PP_MAIL is invalid.
Line 25: The property name _ExtentX in PP_MAIL is invalid.
Line 26: The property name _ExtentY in PP_MAIL is invalid.
Line 27: The property name _StockProps in PP_MAIL is invalid.
Line 28: The property name Blocking in PP_MAIL is invalid.
Line 29: The property name Debug in PP_MAIL is invalid.
Line 30: The property name Host in PP_MAIL is invalid.
Line 31: The property name Timeout in PP_MAIL is invalid.
Line 32: The property name ConnectType in PP_MAIL is invalid.
Line 33: The property name PopPort in PP_MAIL is invalid.
Line 34: The property name SmtpPort in PP_MAIL is invalid.
Line 35: The property name AuthenticationType in PP_MAIL is invalid.
Line 40: The property name Blocking in PP_FTP is invalid.
Line 41: The property name DebugMode in PP_FTP is invalid.
Line 42: The property name Directory in PP_FTP is invalid.
Line 43: The property name DstFilename in PP_FTP is invalid.
Line 44: The property name Host in PP_FTP is invalid.
Line 45: The property name LogonPassword in PP_FTP is invalid.
Line 46: The property name Pattern in PP_FTP is invalid.
Line 47: The property name SrcFilename in PP_FTP is invalid.
Line 48: The property name Type in PP_FTP is invalid.
Line 49: The property name LogonName in PP_FTP is invalid.
Line 50: The property name Account in PP_FTP is invalid.
Line 51: The property name Timeout in PP_FTP is invalid.
Line 52: The property name Port in PP_FTP is invalid.
Line 53: The property name DisablePasv in PP_FTP is invalid.
Line 54: The property name DirItemPattern in PP_FTP is invalid.
Line 55: The property name LibraryName in PP_FTP is invalid.
Line 56: The property name BlockingMode in PP_FTP is invalid.
Line 57: The property name FirewallType in PP_FTP is invalid.
Line 58: The property name FirewallHost in PP_FTP is invalid.
Line 59: The property name FirewallPort in PP_FTP is invalid.
Line 60: The property name FirewallLogonName in PP_FTP is invalid.
Line 61: The property name FirewallPassword in PP_FTP is invalid.
